  renderer.cpp
C:\Program Files\Microsoft Visual Studio\2022\Community\VC\Tools\MSVC\14.40.33807\include\format(42): warning STL4038: The contents of <format> are available only with C++20 or later.
C:\Users\Simon\Desktop\GTR_Framework_nofork\src\extra\cJSON.h(103,16): warning C4099: 'cJSON': nombre de tipo visto anteriormente usando 'class' ahora se ve usando 'struct'
C:\Users\Simon\Desktop\GTR_Framework_nofork\src\pipeline\renderer.cpp(66,34): warning C4305: 'argumento': truncamiento de 'double' a 'float'
C:\Users\Simon\Desktop\GTR_Framework_nofork\src\pipeline\renderer.cpp(92,24): warning C4244: 'argumento': conversión de 'int' a 'T'; posible pérdida de datos
C:\Users\Simon\Desktop\GTR_Framework_nofork\src\pipeline\renderer.cpp(92,24): warning C4244:         with
C:\Users\Simon\Desktop\GTR_Framework_nofork\src\pipeline\renderer.cpp(92,24): warning C4244:         [
C:\Users\Simon\Desktop\GTR_Framework_nofork\src\pipeline\renderer.cpp(92,24): warning C4244:             T=float
C:\Users\Simon\Desktop\GTR_Framework_nofork\src\pipeline\renderer.cpp(92,24): warning C4244:         ]
C:\Users\Simon\Desktop\GTR_Framework_nofork\src\pipeline\renderer.cpp(92,21): warning C4244: 'argumento': conversión de 'int' a 'T'; posible pérdida de datos
C:\Users\Simon\Desktop\GTR_Framework_nofork\src\pipeline\renderer.cpp(92,21): warning C4244:         with
C:\Users\Simon\Desktop\GTR_Framework_nofork\src\pipeline\renderer.cpp(92,21): warning C4244:         [
C:\Users\Simon\Desktop\GTR_Framework_nofork\src\pipeline\renderer.cpp(92,21): warning C4244:             T=float
C:\Users\Simon\Desktop\GTR_Framework_nofork\src\pipeline\renderer.cpp(92,21): warning C4244:         ]
C:\Users\Simon\Desktop\GTR_Framework_nofork\src\pipeline\renderer.cpp(92,18): warning C4244: 'argumento': conversión de 'int' a 'T'; posible pérdida de datos
C:\Users\Simon\Desktop\GTR_Framework_nofork\src\pipeline\renderer.cpp(92,18): warning C4244:         with
C:\Users\Simon\Desktop\GTR_Framework_nofork\src\pipeline\renderer.cpp(92,18): warning C4244:         [
C:\Users\Simon\Desktop\GTR_Framework_nofork\src\pipeline\renderer.cpp(92,18): warning C4244:             T=float
C:\Users\Simon\Desktop\GTR_Framework_nofork\src\pipeline\renderer.cpp(92,18): warning C4244:         ]
C:\Users\Simon\Desktop\GTR_Framework_nofork\src\pipeline\renderer.cpp(95,42): warning C4244: '=': conversión de 'T' a 'int'; posible pérdida de datos
C:\Users\Simon\Desktop\GTR_Framework_nofork\src\pipeline\renderer.cpp(95,42): warning C4244:         with
C:\Users\Simon\Desktop\GTR_Framework_nofork\src\pipeline\renderer.cpp(95,42): warning C4244:         [
C:\Users\Simon\Desktop\GTR_Framework_nofork\src\pipeline\renderer.cpp(95,42): warning C4244:             T=float
C:\Users\Simon\Desktop\GTR_Framework_nofork\src\pipeline\renderer.cpp(95,42): warning C4244:         ]
C:\Users\Simon\Desktop\GTR_Framework_nofork\src\pipeline\renderer.cpp(100,42): warning C4244: 'argumento': conversión de 'int' a 'T'; posible pérdida de datos
C:\Users\Simon\Desktop\GTR_Framework_nofork\src\pipeline\renderer.cpp(100,42): warning C4244:         with
C:\Users\Simon\Desktop\GTR_Framework_nofork\src\pipeline\renderer.cpp(100,42): warning C4244:         [
C:\Users\Simon\Desktop\GTR_Framework_nofork\src\pipeline\renderer.cpp(100,42): warning C4244:             T=float
C:\Users\Simon\Desktop\GTR_Framework_nofork\src\pipeline\renderer.cpp(100,42): warning C4244:         ]
C:\Users\Simon\Desktop\GTR_Framework_nofork\src\pipeline\renderer.cpp(100,39): warning C4244: 'argumento': conversión de 'int' a 'T'; posible pérdida de datos
C:\Users\Simon\Desktop\GTR_Framework_nofork\src\pipeline\renderer.cpp(100,39): warning C4244:         with
C:\Users\Simon\Desktop\GTR_Framework_nofork\src\pipeline\renderer.cpp(100,39): warning C4244:         [
C:\Users\Simon\Desktop\GTR_Framework_nofork\src\pipeline\renderer.cpp(100,39): warning C4244:             T=float
C:\Users\Simon\Desktop\GTR_Framework_nofork\src\pipeline\renderer.cpp(100,39): warning C4244:         ]
C:\Users\Simon\Desktop\GTR_Framework_nofork\src\pipeline\renderer.cpp(100,36): warning C4244: 'argumento': conversión de 'int' a 'T'; posible pérdida de datos
C:\Users\Simon\Desktop\GTR_Framework_nofork\src\pipeline\renderer.cpp(100,36): warning C4244:         with
C:\Users\Simon\Desktop\GTR_Framework_nofork\src\pipeline\renderer.cpp(100,36): warning C4244:         [
C:\Users\Simon\Desktop\GTR_Framework_nofork\src\pipeline\renderer.cpp(100,36): warning C4244:             T=float
C:\Users\Simon\Desktop\GTR_Framework_nofork\src\pipeline\renderer.cpp(100,36): warning C4244:         ]
C:\Users\Simon\Desktop\GTR_Framework_nofork\src\pipeline\renderer.cpp(69,12): warning C4996: 'fopen': This function or variable may be unsafe. Consider using fopen_s instead. To disable deprecation, use _CRT_SECURE_NO_WARNINGS. See online help for details.
C:\Users\Simon\Desktop\GTR_Framework_nofork\src\pipeline\renderer.cpp(150,34): warning C4244: 'argumento': conversión de 'T' a 'int'; posible pérdida de datos
C:\Users\Simon\Desktop\GTR_Framework_nofork\src\pipeline\renderer.cpp(150,34): warning C4244:         with
C:\Users\Simon\Desktop\GTR_Framework_nofork\src\pipeline\renderer.cpp(150,34): warning C4244:         [
C:\Users\Simon\Desktop\GTR_Framework_nofork\src\pipeline\renderer.cpp(150,34): warning C4244:             T=float
C:\Users\Simon\Desktop\GTR_Framework_nofork\src\pipeline\renderer.cpp(150,34): warning C4244:         ]
C:\Users\Simon\Desktop\GTR_Framework_nofork\src\pipeline\renderer.cpp(150,26): warning C4244: 'argumento': conversión de 'T' a 'int'; posible pérdida de datos
C:\Users\Simon\Desktop\GTR_Framework_nofork\src\pipeline\renderer.cpp(150,26): warning C4244:         with
C:\Users\Simon\Desktop\GTR_Framework_nofork\src\pipeline\renderer.cpp(150,26): warning C4244:         [
C:\Users\Simon\Desktop\GTR_Framework_nofork\src\pipeline\renderer.cpp(150,26): warning C4244:             T=float
C:\Users\Simon\Desktop\GTR_Framework_nofork\src\pipeline\renderer.cpp(150,26): warning C4244:         ]
C:\Users\Simon\Desktop\GTR_Framework_nofork\src\pipeline\renderer.cpp(158,20): warning C4018: '<': no coinciden signed/unsigned
C:\Users\Simon\Desktop\GTR_Framework_nofork\src\pipeline\renderer.cpp(186,8): warning C4244: 'return': conversión de 'float' a 'int'; posible pérdida de datos
C:\Users\Simon\Desktop\GTR_Framework_nofork\src\pipeline\renderer.cpp(211,127): warning C4244: 'argumento': conversión de 'double' a 'float'; posible pérdida de datos
C:\Users\Simon\Desktop\GTR_Framework_nofork\src\pipeline\renderer.cpp(211,100): warning C4244: 'argumento': conversión de 'double' a 'float'; posible pérdida de datos
C:\Users\Simon\Desktop\GTR_Framework_nofork\src\pipeline\renderer.cpp(211,74): warning C4244: 'argumento': conversión de 'double' a 'float'; posible pérdida de datos
C:\Users\Simon\Desktop\GTR_Framework_nofork\src\pipeline\renderer.cpp(211,47): warning C4244: 'argumento': conversión de 'double' a 'float'; posible pérdida de datos
C:\Users\Simon\Desktop\GTR_Framework_nofork\src\pipeline\renderer.cpp(290,10): warning C4244: 'inicializando': conversión de 'long' a 'float'; posible pérdida de datos
C:\Users\Simon\Desktop\GTR_Framework_nofork\src\pipeline\renderer.cpp(333,31): warning C4244: 'argumento': conversión de 'T' a 'int'; posible pérdida de datos
C:\Users\Simon\Desktop\GTR_Framework_nofork\src\pipeline\renderer.cpp(333,31): warning C4244:         with
C:\Users\Simon\Desktop\GTR_Framework_nofork\src\pipeline\renderer.cpp(333,31): warning C4244:         [
C:\Users\Simon\Desktop\GTR_Framework_nofork\src\pipeline\renderer.cpp(333,31): warning C4244:             T=float
C:\Users\Simon\Desktop\GTR_Framework_nofork\src\pipeline\renderer.cpp(333,31): warning C4244:         ]
C:\Users\Simon\Desktop\GTR_Framework_nofork\src\pipeline\renderer.cpp(333,23): warning C4244: 'argumento': conversión de 'T' a 'int'; posible pérdida de datos
C:\Users\Simon\Desktop\GTR_Framework_nofork\src\pipeline\renderer.cpp(333,23): warning C4244:         with
C:\Users\Simon\Desktop\GTR_Framework_nofork\src\pipeline\renderer.cpp(333,23): warning C4244:         [
C:\Users\Simon\Desktop\GTR_Framework_nofork\src\pipeline\renderer.cpp(333,23): warning C4244:             T=float
C:\Users\Simon\Desktop\GTR_Framework_nofork\src\pipeline\renderer.cpp(333,23): warning C4244:         ]
C:\Users\Simon\Desktop\GTR_Framework_nofork\src\pipeline\renderer.cpp(355,38): warning C4244: 'argumento': conversión de 'T' a 'int'; posible pérdida de datos
C:\Users\Simon\Desktop\GTR_Framework_nofork\src\pipeline\renderer.cpp(355,38): warning C4244:         with
C:\Users\Simon\Desktop\GTR_Framework_nofork\src\pipeline\renderer.cpp(355,38): warning C4244:         [
C:\Users\Simon\Desktop\GTR_Framework_nofork\src\pipeline\renderer.cpp(355,38): warning C4244:             T=float
C:\Users\Simon\Desktop\GTR_Framework_nofork\src\pipeline\renderer.cpp(355,38): warning C4244:         ]
C:\Users\Simon\Desktop\GTR_Framework_nofork\src\pipeline\renderer.cpp(355,30): warning C4244: 'argumento': conversión de 'T' a 'int'; posible pérdida de datos
C:\Users\Simon\Desktop\GTR_Framework_nofork\src\pipeline\renderer.cpp(355,30): warning C4244:         with
C:\Users\Simon\Desktop\GTR_Framework_nofork\src\pipeline\renderer.cpp(355,30): warning C4244:         [
C:\Users\Simon\Desktop\GTR_Framework_nofork\src\pipeline\renderer.cpp(355,30): warning C4244:             T=float
C:\Users\Simon\Desktop\GTR_Framework_nofork\src\pipeline\renderer.cpp(355,30): warning C4244:         ]
C:\Users\Simon\Desktop\GTR_Framework_nofork\src\pipeline\renderer.cpp(360,11): warning C4996: 'strcpy': This function or variable may be unsafe. Consider using strcpy_s instead. To disable deprecation, use _CRT_SECURE_NO_WARNINGS. See online help for details.
C:\Users\Simon\Desktop\GTR_Framework_nofork\src\pipeline\renderer.cpp(371,71): warning C4244: 'argumento': conversión de 'double' a 'T'; posible pérdida de datos
C:\Users\Simon\Desktop\GTR_Framework_nofork\src\pipeline\renderer.cpp(371,71): warning C4244:         with
C:\Users\Simon\Desktop\GTR_Framework_nofork\src\pipeline\renderer.cpp(371,71): warning C4244:         [
C:\Users\Simon\Desktop\GTR_Framework_nofork\src\pipeline\renderer.cpp(371,71): warning C4244:             T=float
C:\Users\Simon\Desktop\GTR_Framework_nofork\src\pipeline\renderer.cpp(371,71): warning C4244:         ]
C:\Users\Simon\Desktop\GTR_Framework_nofork\src\pipeline\renderer.cpp(371,27): warning C4244: 'argumento': conversión de 'double' a 'T'; posible pérdida de datos
C:\Users\Simon\Desktop\GTR_Framework_nofork\src\pipeline\renderer.cpp(371,27): warning C4244:         with
C:\Users\Simon\Desktop\GTR_Framework_nofork\src\pipeline\renderer.cpp(371,27): warning C4244:         [
C:\Users\Simon\Desktop\GTR_Framework_nofork\src\pipeline\renderer.cpp(371,27): warning C4244:             T=float
C:\Users\Simon\Desktop\GTR_Framework_nofork\src\pipeline\renderer.cpp(371,27): warning C4244:         ]
C:\Users\Simon\Desktop\GTR_Framework_nofork\src\pipeline\renderer.cpp(387,37): warning C4244: 'argumento': conversión de 'double' a 'T'; posible pérdida de datos
C:\Users\Simon\Desktop\GTR_Framework_nofork\src\pipeline\renderer.cpp(387,37): warning C4244:         with
C:\Users\Simon\Desktop\GTR_Framework_nofork\src\pipeline\renderer.cpp(387,37): warning C4244:         [
C:\Users\Simon\Desktop\GTR_Framework_nofork\src\pipeline\renderer.cpp(387,37): warning C4244:             T=float
C:\Users\Simon\Desktop\GTR_Framework_nofork\src\pipeline\renderer.cpp(387,37): warning C4244:         ]
C:\Users\Simon\Desktop\GTR_Framework_nofork\src\pipeline\renderer.cpp(387,23): warning C4244: 'argumento': conversión de 'double' a 'T'; posible pérdida de datos
C:\Users\Simon\Desktop\GTR_Framework_nofork\src\pipeline\renderer.cpp(387,23): warning C4244:         with
C:\Users\Simon\Desktop\GTR_Framework_nofork\src\pipeline\renderer.cpp(387,23): warning C4244:         [
C:\Users\Simon\Desktop\GTR_Framework_nofork\src\pipeline\renderer.cpp(387,23): warning C4244:             T=float
C:\Users\Simon\Desktop\GTR_Framework_nofork\src\pipeline\renderer.cpp(387,23): warning C4244:         ]
C:\Users\Simon\Desktop\GTR_Framework_nofork\src\pipeline\renderer.cpp(416,71): warning C4244: 'argumento': conversión de 'double' a 'T'; posible pérdida de datos
C:\Users\Simon\Desktop\GTR_Framework_nofork\src\pipeline\renderer.cpp(416,71): warning C4244:         with
C:\Users\Simon\Desktop\GTR_Framework_nofork\src\pipeline\renderer.cpp(416,71): warning C4244:         [
C:\Users\Simon\Desktop\GTR_Framework_nofork\src\pipeline\renderer.cpp(416,71): warning C4244:             T=float
C:\Users\Simon\Desktop\GTR_Framework_nofork\src\pipeline\renderer.cpp(416,71): warning C4244:         ]
C:\Users\Simon\Desktop\GTR_Framework_nofork\src\pipeline\renderer.cpp(416,27): warning C4244: 'argumento': conversión de 'double' a 'T'; posible pérdida de datos
C:\Users\Simon\Desktop\GTR_Framework_nofork\src\pipeline\renderer.cpp(416,27): warning C4244:         with
C:\Users\Simon\Desktop\GTR_Framework_nofork\src\pipeline\renderer.cpp(416,27): warning C4244:         [
C:\Users\Simon\Desktop\GTR_Framework_nofork\src\pipeline\renderer.cpp(416,27): warning C4244:             T=float
C:\Users\Simon\Desktop\GTR_Framework_nofork\src\pipeline\renderer.cpp(416,27): warning C4244:         ]
C:\Users\Simon\Desktop\GTR_Framework_nofork\src\pipeline\renderer.cpp(440,41): warning C4244: 'argumento': conversión de 'T' a 'int'; posible pérdida de datos
C:\Users\Simon\Desktop\GTR_Framework_nofork\src\pipeline\renderer.cpp(440,41): warning C4244:         with
C:\Users\Simon\Desktop\GTR_Framework_nofork\src\pipeline\renderer.cpp(440,41): warning C4244:         [
C:\Users\Simon\Desktop\GTR_Framework_nofork\src\pipeline\renderer.cpp(440,41): warning C4244:             T=float
C:\Users\Simon\Desktop\GTR_Framework_nofork\src\pipeline\renderer.cpp(440,41): warning C4244:         ]
C:\Users\Simon\Desktop\GTR_Framework_nofork\src\pipeline\renderer.cpp(440,33): warning C4244: 'argumento': conversión de 'T' a 'int'; posible pérdida de datos
C:\Users\Simon\Desktop\GTR_Framework_nofork\src\pipeline\renderer.cpp(440,33): warning C4244:         with
C:\Users\Simon\Desktop\GTR_Framework_nofork\src\pipeline\renderer.cpp(440,33): warning C4244:         [
C:\Users\Simon\Desktop\GTR_Framework_nofork\src\pipeline\renderer.cpp(440,33): warning C4244:             T=float
C:\Users\Simon\Desktop\GTR_Framework_nofork\src\pipeline\renderer.cpp(440,33): warning C4244:         ]
C:\Users\Simon\Desktop\GTR_Framework_nofork\src\pipeline\renderer.cpp(508,20): warning C4018: '<': no coinciden signed/unsigned
C:\Users\Simon\Desktop\GTR_Framework_nofork\src\pipeline\renderer.cpp(513,20): warning C4018: '<': no coinciden signed/unsigned
C:\Users\Simon\Desktop\GTR_Framework_nofork\src\pipeline\renderer.cpp(544,20): warning C4018: '<': no coinciden signed/unsigned
C:\Users\Simon\Desktop\GTR_Framework_nofork\src\pipeline\renderer.cpp(549,20): warning C4018: '<': no coinciden signed/unsigned
C:\Users\Simon\Desktop\GTR_Framework_nofork\src\pipeline\renderer.cpp(566,35): warning C4244: 'argumento': conversión de 'T' a 'int'; posible pérdida de datos
C:\Users\Simon\Desktop\GTR_Framework_nofork\src\pipeline\renderer.cpp(566,35): warning C4244:         with
C:\Users\Simon\Desktop\GTR_Framework_nofork\src\pipeline\renderer.cpp(566,35): warning C4244:         [
C:\Users\Simon\Desktop\GTR_Framework_nofork\src\pipeline\renderer.cpp(566,35): warning C4244:             T=float
C:\Users\Simon\Desktop\GTR_Framework_nofork\src\pipeline\renderer.cpp(566,35): warning C4244:         ]
C:\Users\Simon\Desktop\GTR_Framework_nofork\src\pipeline\renderer.cpp(566,27): warning C4244: 'argumento': conversión de 'T' a 'int'; posible pérdida de datos
C:\Users\Simon\Desktop\GTR_Framework_nofork\src\pipeline\renderer.cpp(566,27): warning C4244:         with
C:\Users\Simon\Desktop\GTR_Framework_nofork\src\pipeline\renderer.cpp(566,27): warning C4244:         [
C:\Users\Simon\Desktop\GTR_Framework_nofork\src\pipeline\renderer.cpp(566,27): warning C4244:             T=float
C:\Users\Simon\Desktop\GTR_Framework_nofork\src\pipeline\renderer.cpp(566,27): warning C4244:         ]
C:\Users\Simon\Desktop\GTR_Framework_nofork\src\pipeline\renderer.cpp(577,20): warning C4018: '<': no coinciden signed/unsigned
C:\Users\Simon\Desktop\GTR_Framework_nofork\src\pipeline\renderer.cpp(612,20): warning C4018: '<': no coinciden signed/unsigned
C:\Users\Simon\Desktop\GTR_Framework_nofork\src\pipeline\renderer.cpp(626,37): warning C4244: 'argumento': conversión de 'T' a 'int'; posible pérdida de datos
C:\Users\Simon\Desktop\GTR_Framework_nofork\src\pipeline\renderer.cpp(626,37): warning C4244:         with
C:\Users\Simon\Desktop\GTR_Framework_nofork\src\pipeline\renderer.cpp(626,37): warning C4244:         [
C:\Users\Simon\Desktop\GTR_Framework_nofork\src\pipeline\renderer.cpp(626,37): warning C4244:             T=float
C:\Users\Simon\Desktop\GTR_Framework_nofork\src\pipeline\renderer.cpp(626,37): warning C4244:         ]
C:\Users\Simon\Desktop\GTR_Framework_nofork\src\pipeline\renderer.cpp(626,27): warning C4244: 'argumento': conversión de 'T' a 'int'; posible pérdida de datos
C:\Users\Simon\Desktop\GTR_Framework_nofork\src\pipeline\renderer.cpp(626,27): warning C4244:         with
C:\Users\Simon\Desktop\GTR_Framework_nofork\src\pipeline\renderer.cpp(626,27): warning C4244:         [
C:\Users\Simon\Desktop\GTR_Framework_nofork\src\pipeline\renderer.cpp(626,27): warning C4244:             T=float
C:\Users\Simon\Desktop\GTR_Framework_nofork\src\pipeline\renderer.cpp(626,27): warning C4244:         ]
C:\Users\Simon\Desktop\GTR_Framework_nofork\src\pipeline\renderer.cpp(628,31): warning C4244: 'argumento': conversión de 'T' a 'int'; posible pérdida de datos
C:\Users\Simon\Desktop\GTR_Framework_nofork\src\pipeline\renderer.cpp(628,31): warning C4244:         with
C:\Users\Simon\Desktop\GTR_Framework_nofork\src\pipeline\renderer.cpp(628,31): warning C4244:         [
C:\Users\Simon\Desktop\GTR_Framework_nofork\src\pipeline\renderer.cpp(628,31): warning C4244:             T=float
C:\Users\Simon\Desktop\GTR_Framework_nofork\src\pipeline\renderer.cpp(628,31): warning C4244:         ]
C:\Users\Simon\Desktop\GTR_Framework_nofork\src\pipeline\renderer.cpp(628,23): warning C4244: 'argumento': conversión de 'T' a 'int'; posible pérdida de datos
C:\Users\Simon\Desktop\GTR_Framework_nofork\src\pipeline\renderer.cpp(628,23): warning C4244:         with
C:\Users\Simon\Desktop\GTR_Framework_nofork\src\pipeline\renderer.cpp(628,23): warning C4244:         [
C:\Users\Simon\Desktop\GTR_Framework_nofork\src\pipeline\renderer.cpp(628,23): warning C4244:             T=float
C:\Users\Simon\Desktop\GTR_Framework_nofork\src\pipeline\renderer.cpp(628,23): warning C4244:         ]
C:\Users\Simon\Desktop\GTR_Framework_nofork\src\pipeline\renderer.cpp(645,90): warning C4244: 'argumento': conversión de 'double' a 'T'; posible pérdida de datos
C:\Users\Simon\Desktop\GTR_Framework_nofork\src\pipeline\renderer.cpp(645,90): warning C4244:         with
C:\Users\Simon\Desktop\GTR_Framework_nofork\src\pipeline\renderer.cpp(645,90): warning C4244:         [
C:\Users\Simon\Desktop\GTR_Framework_nofork\src\pipeline\renderer.cpp(645,90): warning C4244:             T=float
C:\Users\Simon\Desktop\GTR_Framework_nofork\src\pipeline\renderer.cpp(645,90): warning C4244:         ]
C:\Users\Simon\Desktop\GTR_Framework_nofork\src\pipeline\renderer.cpp(645,48): warning C4244: 'argumento': conversión de 'double' a 'T'; posible pérdida de datos
C:\Users\Simon\Desktop\GTR_Framework_nofork\src\pipeline\renderer.cpp(645,48): warning C4244:         with
C:\Users\Simon\Desktop\GTR_Framework_nofork\src\pipeline\renderer.cpp(645,48): warning C4244:         [
C:\Users\Simon\Desktop\GTR_Framework_nofork\src\pipeline\renderer.cpp(645,48): warning C4244:             T=float
C:\Users\Simon\Desktop\GTR_Framework_nofork\src\pipeline\renderer.cpp(645,48): warning C4244:         ]
C:\Users\Simon\Desktop\GTR_Framework_nofork\src\pipeline\renderer.cpp(685,66): warning C4244: 'argumento': conversión de 'double' a 'T'; posible pérdida de datos
C:\Users\Simon\Desktop\GTR_Framework_nofork\src\pipeline\renderer.cpp(685,66): warning C4244:         with
C:\Users\Simon\Desktop\GTR_Framework_nofork\src\pipeline\renderer.cpp(685,66): warning C4244:         [
C:\Users\Simon\Desktop\GTR_Framework_nofork\src\pipeline\renderer.cpp(685,66): warning C4244:             T=float
C:\Users\Simon\Desktop\GTR_Framework_nofork\src\pipeline\renderer.cpp(685,66): warning C4244:         ]
C:\Users\Simon\Desktop\GTR_Framework_nofork\src\pipeline\renderer.cpp(685,26): warning C4244: 'argumento': conversión de 'double' a 'T'; posible pérdida de datos
C:\Users\Simon\Desktop\GTR_Framework_nofork\src\pipeline\renderer.cpp(685,26): warning C4244:         with
C:\Users\Simon\Desktop\GTR_Framework_nofork\src\pipeline\renderer.cpp(685,26): warning C4244:         [
C:\Users\Simon\Desktop\GTR_Framework_nofork\src\pipeline\renderer.cpp(685,26): warning C4244:             T=float
C:\Users\Simon\Desktop\GTR_Framework_nofork\src\pipeline\renderer.cpp(685,26): warning C4244:         ]
C:\Users\Simon\Desktop\GTR_Framework_nofork\src\pipeline\renderer.cpp(732,65): warning C4244: 'argumento': conversión de 'double' a 'T'; posible pérdida de datos
C:\Users\Simon\Desktop\GTR_Framework_nofork\src\pipeline\renderer.cpp(732,65): warning C4244:         with
C:\Users\Simon\Desktop\GTR_Framework_nofork\src\pipeline\renderer.cpp(732,65): warning C4244:         [
C:\Users\Simon\Desktop\GTR_Framework_nofork\src\pipeline\renderer.cpp(732,65): warning C4244:             T=float
C:\Users\Simon\Desktop\GTR_Framework_nofork\src\pipeline\renderer.cpp(732,65): warning C4244:         ]
C:\Users\Simon\Desktop\GTR_Framework_nofork\src\pipeline\renderer.cpp(732,51): warning C4244: 'argumento': conversión de 'double' a 'T'; posible pérdida de datos
C:\Users\Simon\Desktop\GTR_Framework_nofork\src\pipeline\renderer.cpp(732,51): warning C4244:         with
C:\Users\Simon\Desktop\GTR_Framework_nofork\src\pipeline\renderer.cpp(732,51): warning C4244:         [
C:\Users\Simon\Desktop\GTR_Framework_nofork\src\pipeline\renderer.cpp(732,51): warning C4244:             T=float
C:\Users\Simon\Desktop\GTR_Framework_nofork\src\pipeline\renderer.cpp(732,51): warning C4244:         ]
C:\Users\Simon\Desktop\GTR_Framework_nofork\src\pipeline\renderer.cpp(754,61): warning C4244: 'argumento': conversión de 'double' a 'T'; posible pérdida de datos
C:\Users\Simon\Desktop\GTR_Framework_nofork\src\pipeline\renderer.cpp(754,61): warning C4244:         with
C:\Users\Simon\Desktop\GTR_Framework_nofork\src\pipeline\renderer.cpp(754,61): warning C4244:         [
C:\Users\Simon\Desktop\GTR_Framework_nofork\src\pipeline\renderer.cpp(754,61): warning C4244:             T=float
C:\Users\Simon\Desktop\GTR_Framework_nofork\src\pipeline\renderer.cpp(754,61): warning C4244:         ]
C:\Users\Simon\Desktop\GTR_Framework_nofork\src\pipeline\renderer.cpp(754,47): warning C4244: 'argumento': conversión de 'double' a 'T'; posible pérdida de datos
C:\Users\Simon\Desktop\GTR_Framework_nofork\src\pipeline\renderer.cpp(754,47): warning C4244:         with
C:\Users\Simon\Desktop\GTR_Framework_nofork\src\pipeline\renderer.cpp(754,47): warning C4244:         [
C:\Users\Simon\Desktop\GTR_Framework_nofork\src\pipeline\renderer.cpp(754,47): warning C4244:             T=float
C:\Users\Simon\Desktop\GTR_Framework_nofork\src\pipeline\renderer.cpp(754,47): warning C4244:         ]
C:\Users\Simon\Desktop\GTR_Framework_nofork\src\pipeline\renderer.cpp(763,20): warning C4018: '<': no coinciden signed/unsigned
C:\Users\Simon\Desktop\GTR_Framework_nofork\src\pipeline\renderer.cpp(773,8): warning C4996: 'strcpy': This function or variable may be unsafe. Consider using strcpy_s instead. To disable deprecation, use _CRT_SECURE_NO_WARNINGS. See online help for details.
C:\Users\Simon\Desktop\GTR_Framework_nofork\src\pipeline\renderer.cpp(797,20): warning C4018: '<': no coinciden signed/unsigned
C:\Users\Simon\Desktop\GTR_Framework_nofork\src\pipeline\renderer.cpp(843,21): warning C4018: '<': no coinciden signed/unsigned
C:\Users\Simon\Desktop\GTR_Framework_nofork\src\pipeline\renderer.cpp(850,20): warning C4018: '<': no coinciden signed/unsigned
C:\Users\Simon\Desktop\GTR_Framework_nofork\src\pipeline\renderer.cpp(889,68): warning C4244: 'argumento': conversión de 'double' a 'T'; posible pérdida de datos
C:\Users\Simon\Desktop\GTR_Framework_nofork\src\pipeline\renderer.cpp(889,68): warning C4244:         with
C:\Users\Simon\Desktop\GTR_Framework_nofork\src\pipeline\renderer.cpp(889,68): warning C4244:         [
C:\Users\Simon\Desktop\GTR_Framework_nofork\src\pipeline\renderer.cpp(889,68): warning C4244:             T=float
C:\Users\Simon\Desktop\GTR_Framework_nofork\src\pipeline\renderer.cpp(889,68): warning C4244:         ]
C:\Users\Simon\Desktop\GTR_Framework_nofork\src\pipeline\renderer.cpp(889,54): warning C4244: 'argumento': conversión de 'double' a 'T'; posible pérdida de datos
C:\Users\Simon\Desktop\GTR_Framework_nofork\src\pipeline\renderer.cpp(889,54): warning C4244:         with
C:\Users\Simon\Desktop\GTR_Framework_nofork\src\pipeline\renderer.cpp(889,54): warning C4244:         [
C:\Users\Simon\Desktop\GTR_Framework_nofork\src\pipeline\renderer.cpp(889,54): warning C4244:             T=float
C:\Users\Simon\Desktop\GTR_Framework_nofork\src\pipeline\renderer.cpp(889,54): warning C4244:         ]
C:\Users\Simon\Desktop\GTR_Framework_nofork\src\pipeline\renderer.cpp(911,37): warning C4244: 'argumento': conversión de 'T' a 'int'; posible pérdida de datos
C:\Users\Simon\Desktop\GTR_Framework_nofork\src\pipeline\renderer.cpp(911,37): warning C4244:         with
C:\Users\Simon\Desktop\GTR_Framework_nofork\src\pipeline\renderer.cpp(911,37): warning C4244:         [
C:\Users\Simon\Desktop\GTR_Framework_nofork\src\pipeline\renderer.cpp(911,37): warning C4244:             T=float
C:\Users\Simon\Desktop\GTR_Framework_nofork\src\pipeline\renderer.cpp(911,37): warning C4244:         ]
C:\Users\Simon\Desktop\GTR_Framework_nofork\src\pipeline\renderer.cpp(911,27): warning C4244: 'argumento': conversión de 'T' a 'int'; posible pérdida de datos
C:\Users\Simon\Desktop\GTR_Framework_nofork\src\pipeline\renderer.cpp(911,27): warning C4244:         with
C:\Users\Simon\Desktop\GTR_Framework_nofork\src\pipeline\renderer.cpp(911,27): warning C4244:         [
C:\Users\Simon\Desktop\GTR_Framework_nofork\src\pipeline\renderer.cpp(911,27): warning C4244:             T=float
C:\Users\Simon\Desktop\GTR_Framework_nofork\src\pipeline\renderer.cpp(911,27): warning C4244:         ]
C:\Users\Simon\Desktop\GTR_Framework_nofork\src\pipeline\renderer.cpp(914,31): warning C4244: 'argumento': conversión de 'T' a 'int'; posible pérdida de datos
C:\Users\Simon\Desktop\GTR_Framework_nofork\src\pipeline\renderer.cpp(914,31): warning C4244:         with
C:\Users\Simon\Desktop\GTR_Framework_nofork\src\pipeline\renderer.cpp(914,31): warning C4244:         [
C:\Users\Simon\Desktop\GTR_Framework_nofork\src\pipeline\renderer.cpp(914,31): warning C4244:             T=float
C:\Users\Simon\Desktop\GTR_Framework_nofork\src\pipeline\renderer.cpp(914,31): warning C4244:         ]
C:\Users\Simon\Desktop\GTR_Framework_nofork\src\pipeline\renderer.cpp(914,23): warning C4244: 'argumento': conversión de 'T' a 'int'; posible pérdida de datos
C:\Users\Simon\Desktop\GTR_Framework_nofork\src\pipeline\renderer.cpp(914,23): warning C4244:         with
C:\Users\Simon\Desktop\GTR_Framework_nofork\src\pipeline\renderer.cpp(914,23): warning C4244:         [
C:\Users\Simon\Desktop\GTR_Framework_nofork\src\pipeline\renderer.cpp(914,23): warning C4244:             T=float
C:\Users\Simon\Desktop\GTR_Framework_nofork\src\pipeline\renderer.cpp(914,23): warning C4244:         ]
C:\Users\Simon\Desktop\GTR_Framework_nofork\src\pipeline\renderer.cpp(930,70): warning C4244: 'argumento': conversión de 'double' a 'T'; posible pérdida de datos
C:\Users\Simon\Desktop\GTR_Framework_nofork\src\pipeline\renderer.cpp(930,70): warning C4244:         with
C:\Users\Simon\Desktop\GTR_Framework_nofork\src\pipeline\renderer.cpp(930,70): warning C4244:         [
C:\Users\Simon\Desktop\GTR_Framework_nofork\src\pipeline\renderer.cpp(930,70): warning C4244:             T=float
C:\Users\Simon\Desktop\GTR_Framework_nofork\src\pipeline\renderer.cpp(930,70): warning C4244:         ]
C:\Users\Simon\Desktop\GTR_Framework_nofork\src\pipeline\renderer.cpp(930,47): warning C4244: 'argumento': conversión de 'double' a 'T'; posible pérdida de datos
C:\Users\Simon\Desktop\GTR_Framework_nofork\src\pipeline\renderer.cpp(930,47): warning C4244:         with
C:\Users\Simon\Desktop\GTR_Framework_nofork\src\pipeline\renderer.cpp(930,47): warning C4244:         [
C:\Users\Simon\Desktop\GTR_Framework_nofork\src\pipeline\renderer.cpp(930,47): warning C4244:             T=float
C:\Users\Simon\Desktop\GTR_Framework_nofork\src\pipeline\renderer.cpp(930,47): warning C4244:         ]
C:\Users\Simon\Desktop\GTR_Framework_nofork\src\pipeline\renderer.cpp(954,66): warning C4244: 'argumento': conversión de 'double' a 'T'; posible pérdida de datos
C:\Users\Simon\Desktop\GTR_Framework_nofork\src\pipeline\renderer.cpp(954,66): warning C4244:         with
C:\Users\Simon\Desktop\GTR_Framework_nofork\src\pipeline\renderer.cpp(954,66): warning C4244:         [
C:\Users\Simon\Desktop\GTR_Framework_nofork\src\pipeline\renderer.cpp(954,66): warning C4244:             T=float
C:\Users\Simon\Desktop\GTR_Framework_nofork\src\pipeline\renderer.cpp(954,66): warning C4244:         ]
C:\Users\Simon\Desktop\GTR_Framework_nofork\src\pipeline\renderer.cpp(954,26): warning C4244: 'argumento': conversión de 'double' a 'T'; posible pérdida de datos
C:\Users\Simon\Desktop\GTR_Framework_nofork\src\pipeline\renderer.cpp(954,26): warning C4244:         with
C:\Users\Simon\Desktop\GTR_Framework_nofork\src\pipeline\renderer.cpp(954,26): warning C4244:         [
C:\Users\Simon\Desktop\GTR_Framework_nofork\src\pipeline\renderer.cpp(954,26): warning C4244:             T=float
C:\Users\Simon\Desktop\GTR_Framework_nofork\src\pipeline\renderer.cpp(954,26): warning C4244:         ]
C:\Users\Simon\Desktop\GTR_Framework_nofork\src\pipeline\renderer.cpp(1032,20): warning C4018: '<': no coinciden signed/unsigned
C:\Users\Simon\Desktop\GTR_Framework_nofork\src\pipeline\renderer.cpp(1037,20): warning C4018: '<': no coinciden signed/unsigned
C:\Users\Simon\Desktop\GTR_Framework_nofork\src\pipeline\renderer.cpp(1079,14): warning C4244: 'inicializando': conversión de 'double' a 'float'; posible pérdida de datos
C:\Users\Simon\Desktop\GTR_Framework_nofork\src\pipeline\renderer.cpp(1092,20): warning C4018: '<': no coinciden signed/unsigned
C:\Users\Simon\Desktop\GTR_Framework_nofork\src\pipeline\renderer.cpp(1148,10): warning C4244: 'inicializando': conversión de 'long' a 'float'; posible pérdida de datos
C:\Users\Simon\Desktop\GTR_Framework_nofork\src\pipeline\renderer.cpp(1251,10): warning C4244: 'inicializando': conversión de 'long' a 'float'; posible pérdida de datos
C:\Users\Simon\Desktop\GTR_Framework_nofork\src\pipeline\renderer.cpp(1292,21): warning C4018: '<': no coinciden signed/unsigned
C:\Users\Simon\Desktop\GTR_Framework_nofork\src\pipeline\renderer.cpp(1380,10): warning C4244: 'inicializando': conversión de 'long' a 'float'; posible pérdida de datos
C:\Users\Simon\Desktop\GTR_Framework_nofork\src\pipeline\renderer.cpp(1434,80): warning C4244: 'argumento': conversión de 'double' a 'T'; posible pérdida de datos
C:\Users\Simon\Desktop\GTR_Framework_nofork\src\pipeline\renderer.cpp(1434,80): warning C4244:         with
C:\Users\Simon\Desktop\GTR_Framework_nofork\src\pipeline\renderer.cpp(1434,80): warning C4244:         [
C:\Users\Simon\Desktop\GTR_Framework_nofork\src\pipeline\renderer.cpp(1434,80): warning C4244:             T=float
C:\Users\Simon\Desktop\GTR_Framework_nofork\src\pipeline\renderer.cpp(1434,80): warning C4244:         ]
C:\Users\Simon\Desktop\GTR_Framework_nofork\src\pipeline\renderer.cpp(1434,38): warning C4244: 'argumento': conversión de 'double' a 'T'; posible pérdida de datos
C:\Users\Simon\Desktop\GTR_Framework_nofork\src\pipeline\renderer.cpp(1434,38): warning C4244:         with
C:\Users\Simon\Desktop\GTR_Framework_nofork\src\pipeline\renderer.cpp(1434,38): warning C4244:         [
C:\Users\Simon\Desktop\GTR_Framework_nofork\src\pipeline\renderer.cpp(1434,38): warning C4244:             T=float
C:\Users\Simon\Desktop\GTR_Framework_nofork\src\pipeline\renderer.cpp(1434,38): warning C4244:         ]
C:\Users\Simon\Desktop\GTR_Framework_nofork\src\pipeline\renderer.cpp(1460,75): warning C4244: 'argumento': conversión de 'double' a 'T'; posible pérdida de datos
C:\Users\Simon\Desktop\GTR_Framework_nofork\src\pipeline\renderer.cpp(1460,75): warning C4244:         with
C:\Users\Simon\Desktop\GTR_Framework_nofork\src\pipeline\renderer.cpp(1460,75): warning C4244:         [
C:\Users\Simon\Desktop\GTR_Framework_nofork\src\pipeline\renderer.cpp(1460,75): warning C4244:             T=float
C:\Users\Simon\Desktop\GTR_Framework_nofork\src\pipeline\renderer.cpp(1460,75): warning C4244:         ]
C:\Users\Simon\Desktop\GTR_Framework_nofork\src\pipeline\renderer.cpp(1460,35): warning C4244: 'argumento': conversión de 'double' a 'T'; posible pérdida de datos
C:\Users\Simon\Desktop\GTR_Framework_nofork\src\pipeline\renderer.cpp(1460,35): warning C4244:         with
C:\Users\Simon\Desktop\GTR_Framework_nofork\src\pipeline\renderer.cpp(1460,35): warning C4244:         [
C:\Users\Simon\Desktop\GTR_Framework_nofork\src\pipeline\renderer.cpp(1460,35): warning C4244:             T=float
C:\Users\Simon\Desktop\GTR_Framework_nofork\src\pipeline\renderer.cpp(1460,35): warning C4244:         ]
C:\Users\Simon\Desktop\GTR_Framework_nofork\src\pipeline\renderer.cpp(1536,73): warning C4244: 'inicializando': conversión de 'T' a 'unsigned int'; posible pérdida de datos
C:\Users\Simon\Desktop\GTR_Framework_nofork\src\pipeline\renderer.cpp(1536,73): warning C4244:         with
C:\Users\Simon\Desktop\GTR_Framework_nofork\src\pipeline\renderer.cpp(1536,73): warning C4244:         [
C:\Users\Simon\Desktop\GTR_Framework_nofork\src\pipeline\renderer.cpp(1536,73): warning C4244:             T=float
C:\Users\Simon\Desktop\GTR_Framework_nofork\src\pipeline\renderer.cpp(1536,73): warning C4244:         ]
C:\Users\Simon\Desktop\GTR_Framework_nofork\src\pipeline\renderer.cpp(1539,20): warning C4018: '<': no coinciden signed/unsigned
C:\Users\Simon\Desktop\GTR_Framework_nofork\src\pipeline\renderer.cpp(1707,23): warning C4018: '<': no coinciden signed/unsigned
C:\Users\Simon\Desktop\GTR_Framework_nofork\src\pipeline\renderer.cpp(1683,15): warning C4996: 'fopen': This function or variable may be unsafe. Consider using fopen_s instead. To disable deprecation, use _CRT_SECURE_NO_WARNINGS. See online help for details.
     Creando biblioteca ..\..\GTR.lib y objeto ..\..\GTR.exp
LINK : warning LNK4098: la biblioteca predeterminada'LIBCMT' entra en conflicto con otras bibliotecas; use la biblioteca /NODEFAULTLIB:biblioteca
  Generando código
  1 of 6086 functions (<0.1%) were compiled, the rest were copied from previous compilation.
    0 functions were new in current compilation
    66 functions had inline decision re-evaluated but remain unchanged
  Generación de código finalizada
glew32s.lib(glew.obj) : warning LNK4099: no se encontró PDB '' con 'glew32s.lib(glew.obj)' o en ''; se vinculará el objeto sin tener en cuenta información de depuración
  visualstudio.vcxproj -> C:\Users\Simon\Desktop\GTR_Framework_nofork\GTR.exe
